C51 COMPILER V9.53.0.0   USART                                                             06/05/2016 16:30:19 PAGE 1   


C51 COMPILER V9.53.0.0, COMPILATION OF MODULE USART
OBJECT MODULE PLACED IN .\usart.obj
COMPILER INVOKED BY: E:\Keil_v5\C51\BIN\C51.EXE ..\soft\usart.c LARGE OPTIMIZE(8,SPEED) BROWSE DEBUG OBJECTEXTEND PRINT(
                    -.\usart.lst) OBJECT(.\usart.obj)

line level    source

   1          #include "stc5616ad.h"
   2          #include "usart.h"
   3          #include "intrins.h"
   4          
   5          bit busy;
   6          sbit HC595_MOSI = P0^0;
   7          sbit HC595_SCK = P0^1;
   8          sbit HC595_EN = P0^2;
   9          
  10          void UartInit(void)             //9600bps@5.2MHz
  11          {
  12   1              PCON &= 0x7F;           //波特率不倍速
  13   1              SCON = 0x50;            //8位数据,可变波特率
  14   1              AUXR |= 0x40;           //定时器1时钟为Fosc,即1T
  15   1              AUXR &= 0xFE;           //串口1选择定时器1为波特率发生器
  16   1              TMOD &= 0x0F;           //清除定时器1模式位
  17   1              TMOD |= 0x20;           //设定定时器1为8位自动重装方式
  18   1              TL1 = 0xEF;             //设定定时初值
  19   1              TH1 = 0xEF;             //设定定时器重装值
  20   1              ET1 = 0;                //禁止定时器1中断
  21   1              TR1 = 1;                //启动定时器1
  22   1      }
  23          
  24          
  25          unsigned char uart_ser_n = 0;
  26          void Uart_Isr() interrupt 4 using 1
  27          {
  28   1      
  29   1          if (RI)
  30   1          {
  31   2              if(SBUF==0x7f)  //STC下载指令是0x7f
  32   2              {
  33   3                  uart_ser_n++;   //判断位自加
  34   3                  if(uart_ser_n==10) //如果收到10次0x7f
  35   3                  {
  36   4                      uart_ser_n=0;   //判断位归零
  37   4                      ISP_CONTR=0x60;//复位命令  
  38   4                  }
  39   3              }
  40   2          }
  41   1          if (TI)
  42   1          {
  43   2              TI = 0;             //Clear transmit interrupt flag
  44   2              busy = 0;           //Clear transmit busy flag
  45   2          }
  46   1      }
  47          
  48          
  49          
  50          
  51          void SendData(unsigned char dat)
  52          {
  53   1          while (busy);           //Wait for the completion of the previous data is sent
  54   1          ACC = dat;              //Calculate the even parity bit P (PSW.0)
C51 COMPILER V9.53.0.0   USART                                                             06/05/2016 16:30:19 PAGE 2   

  55   1          busy = 1;
  56   1          SBUF = ACC;             //Send data to UART buffer
  57   1      }
  58          
  59          
  60          void SendString(char *s)
  61          {
  62   1          while (*s)              //Check the end of the string
  63   1          {
  64   2              SendData(*s++);     //Send current char and increment string ptr
  65   2          }
  66   1      }


MODULE INFORMATION:   STATIC OVERLAYABLE
   CODE SIZE        =    136    ----
   CONSTANT SIZE    =   ----    ----
   XDATA SIZE       =      1       3
   PDATA SIZE       =   ----    ----
   DATA SIZE        =   ----    ----
   IDATA SIZE       =   ----    ----
   BIT SIZE         =      1    ----
END OF MODULE INFORMATION.


C51 COMPILATION COMPLETE.  0 WARNING(S),  0 ERROR(S)
